<?xml version="1.0" encoding="UTF-8"?>
<!-- Generated by org.testng.reporters.JUnitXMLReporter -->
<testsuite hostname="hp-PC" ignored="0" name="Test" tests="4" failures="0" timestamp="08 Sep 2019 14:20:13 GMT" time="0.086" errors="0">
  <testcase name="browserautomation" time="0.029" classname="mycompany.SeleniumTest"/>
  <testcase name="elementui" time="0.0" classname="mycompany.SeleniumTest"/>
  <testcase name="iosapps" time="0.001" classname="mycompany.AppiumTest"/>
  <testcase name="nativeapps" time="0.001" classname="mycompany.AppiumTest"/>
</testsuite> <!-- Test -->
