<?xml version="1.0" encoding="UTF-8"?>
<testng-results skipped="0" failed="0" ignored="0" total="4" passed="4">
  <reporter-output>
  </reporter-output>
  <suite name="Suite" duration-ms="86" started-at="2019-09-08T14:20:13Z" finished-at="2019-09-08T14:20:13Z">
    <groups>
    </groups>
    <test name="Test" duration-ms="86" started-at="2019-09-08T14:20:13Z" finished-at="2019-09-08T14:20:13Z">
      <class name="mycompany.AppiumTest">
        <test-method status="PASS" signature="iosapps()[pri:0, instance:mycompany.AppiumTest@77b52d12]" name="iosapps" duration-ms="1" started-at="2019-09-08T19:50:13Z" finished-at="2019-09-08T19:50:13Z">
          <reporter-output>
          </reporter-output>
        </test-method> <!-- iosapps -->
        <test-method status="PASS" signature="nativeapps()[pri:0, instance:mycompany.AppiumTest@77b52d12]" name="nativeapps" duration-ms="1" started-at="2019-09-08T19:50:13Z" finished-at="2019-09-08T19:50:13Z">
          <reporter-output>
          </reporter-output>
        </test-method> <!-- nativeapps -->
      </class> <!-- mycompany.AppiumTest -->
      <class name="mycompany.SeleniumTest">
        <test-method status="PASS" signature="browserautomation()[pri:0, instance:mycompany.SeleniumTest@4cb2c100]" name="browserautomation" duration-ms="29" started-at="2019-09-08T19:50:13Z" finished-at="2019-09-08T19:50:13Z">
          <reporter-output>
          </reporter-output>
        </test-method> <!-- browserautomation -->
        <test-method status="PASS" signature="elementui()[pri:0, instance:mycompany.SeleniumTest@4cb2c100]" name="elementui" duration-ms="0" started-at="2019-09-08T19:50:13Z" finished-at="2019-09-08T19:50:13Z">
          <reporter-output>
          </reporter-output>
        </test-method> <!-- elementui -->
      </class> <!-- mycompany.SeleniumTest -->
    </test> <!-- Test -->
  </suite> <!-- Suite -->
</testng-results>
